
Z:\HPE Work\CD Writer\node_modules\winapi>if not defined npm_config_node_gyp (node "C:\Program Files\nodejs\node_modules\npm\node_modules\npm-lifecycle\node-gyp-bin\\..\..\node_modules\node-gyp\bin\node-gyp.js" rebuild )  else (node "C:\Program Files\nodejs\node_modules\npm\node_modules\node-gyp\bin\node-gyp.js" rebuild ) 
Building the projects in this solution one at a time. To enable parallel build, please add the "/m" switch.
  main.cc
  win_delay_load_hook.cc
z:\hpe work\cd writer\node_modules\winapi\src\main.cc(62): error C2660: 'v8::Value::NumberValue': function does not take 0 arguments [Z:\HPE Work\CD Writer\node_modules\winapi\build\winapi.vcxproj]
  c:\users\markd\appdata\local\node-gyp\cache\14.17.6\include\node\v8.h(2861): note: see declaration of 'v8::Value::NumberValue' (compiling source file ..\src\main.cc)
z:\hpe work\cd writer\node_modules\winapi\src\main.cc(79): error C2661: 'v8::Object::Set': no overloaded function takes 2 arguments [Z:\HPE Work\CD Writer\node_modules\winapi\build\winapi.vcxproj]
z:\hpe work\cd writer\node_modules\winapi\src\main.cc(101): error C2660: 'v8::Value::NumberValue': function does not take 0 arguments [Z:\HPE Work\CD Writer\node_modules\winapi\build\winapi.vcxproj]
  c:\users\markd\appdata\local\node-gyp\cache\14.17.6\include\node\v8.h(2861): note: see declaration of 'v8::Value::NumberValue' (compiling source file ..\src\main.cc)
z:\hpe work\cd writer\node_modules\winapi\src\main.cc(125): error C2660: 'v8::FunctionTemplate::GetFunction': function does not take 0 arguments [Z:\HPE Work\CD Writer\node_modules\winapi\build\winapi.vcxproj]
  c:\users\markd\appdata\local\node-gyp\cache\14.17.6\include\node\v8.h(6482): note: see declaration of 'v8::FunctionTemplate::GetFunction' (compiling source file ..\src\main.cc)
z:\hpe work\cd writer\node_modules\winapi\src\main.cc(125): error C2661: 'v8::Object::Set': no overloaded function takes 1 arguments [Z:\HPE Work\CD Writer\node_modules\winapi\build\winapi.vcxproj]
z:\hpe work\cd writer\node_modules\winapi\src\main.cc(126): error C2660: 'v8::FunctionTemplate::GetFunction': function does not take 0 arguments [Z:\HPE Work\CD Writer\node_modules\winapi\build\winapi.vcxproj]
  c:\users\markd\appdata\local\node-gyp\cache\14.17.6\include\node\v8.h(6482): note: see declaration of 'v8::FunctionTemplate::GetFunction' (compiling source file ..\src\main.cc)
z:\hpe work\cd writer\node_modules\winapi\src\main.cc(126): error C2661: 'v8::Object::Set': no overloaded function takes 1 arguments [Z:\HPE Work\CD Writer\node_modules\winapi\build\winapi.vcxproj]
z:\hpe work\cd writer\node_modules\winapi\src\main.cc(127): error C2660: 'v8::FunctionTemplate::GetFunction': function does not take 0 arguments [Z:\HPE Work\CD Writer\node_modules\winapi\build\winapi.vcxproj]
  c:\users\markd\appdata\local\node-gyp\cache\14.17.6\include\node\v8.h(6482): note: see declaration of 'v8::FunctionTemplate::GetFunction' (compiling source file ..\src\main.cc)
z:\hpe work\cd writer\node_modules\winapi\src\main.cc(127): error C2661: 'v8::Object::Set': no overloaded function takes 1 arguments [Z:\HPE Work\CD Writer\node_modules\winapi\build\winapi.vcxproj]
z:\hpe work\cd writer\node_modules\winapi\src\main.cc(128): error C2660: 'v8::FunctionTemplate::GetFunction': function does not take 0 arguments [Z:\HPE Work\CD Writer\node_modules\winapi\build\winapi.vcxproj]
  c:\users\markd\appdata\local\node-gyp\cache\14.17.6\include\node\v8.h(6482): note: see declaration of 'v8::FunctionTemplate::GetFunction' (compiling source file ..\src\main.cc)
z:\hpe work\cd writer\node_modules\winapi\src\main.cc(128): error C2661: 'v8::Object::Set': no overloaded function takes 1 arguments [Z:\HPE Work\CD Writer\node_modules\winapi\build\winapi.vcxproj]
z:\hpe work\cd writer\node_modules\winapi\src\main.cc(129): error C2660: 'v8::FunctionTemplate::GetFunction': function does not take 0 arguments [Z:\HPE Work\CD Writer\node_modules\winapi\build\winapi.vcxproj]
  c:\users\markd\appdata\local\node-gyp\cache\14.17.6\include\node\v8.h(6482): note: see declaration of 'v8::FunctionTemplate::GetFunction' (compiling source file ..\src\main.cc)
z:\hpe work\cd writer\node_modules\winapi\src\main.cc(129): error C2661: 'v8::Object::Set': no overloaded function takes 1 arguments [Z:\HPE Work\CD Writer\node_modules\winapi\build\winapi.vcxproj]
gyp ERR! build error 
gyp ERR! stack Error: `C:\Program Files (x86)\Microsoft Visual Studio\2017\BuildTools\MSBuild\15.0\Bin\MSBuild.exe` failed with exit code: 1
gyp ERR! stack     at ChildProcess.onExit (C:\Program Files\nodejs\node_modules\npm\node_modules\node-gyp\lib\build.js:194:23)
gyp ERR! stack     at ChildProcess.emit (events.js:400:28)
gyp ERR! stack     at Process.ChildProcess._handle.onexit (internal/child_process.js:277:12)
gyp ERR! System Windows_NT 10.0.19042
gyp ERR! command "C:\\Program Files\\nodejs\\node.exe" "C:\\Program Files\\nodejs\\node_modules\\npm\\node_modules\\node-gyp\\bin\\node-gyp.js" "rebuild"
gyp ERR! cwd Z:\HPE Work\CD Writer\node_modules\winapi
gyp ERR! node -v v14.17.6
gyp ERR! node-gyp -v v5.1.0
gyp ERR! not ok 
